# JRE version: Java(TM) SE Runtime Environment (8.0_51-b16) (build 1.8.0_51-b16)
# Java VM: Java HotSpot(TM) 64-Bit Server VM (25.51-b03 mixed mode windows-amd64 compressed oops)
Heap:
 PSYoungGen      total 65536K, used 15416K [0x00000000d7900000, 0x00000000dcb00000, 0x0000000100000000)
  eden space 60416K, 17% used [0x00000000d7900000,0x00000000d8314da8,0x00000000db400000)
  from space 5120K, 99% used [0x00000000db600000,0x00000000dbaf9458,0x00000000dbb00000)
  to   space 11776K, 0% used [0x00000000dbf80000,0x00000000dbf80000,0x00000000dcb00000)
 ParOldGen       total 83456K, used 12435K [0x0000000086a00000, 0x000000008bb80000, 0x00000000d7900000)
  object space 83456K, 14% used [0x0000000086a00000,0x0000000087624f88,0x000000008bb80000)
 Metaspace       used 18465K, capacity 18638K, committed 18944K, reserved 1067008K
  class space    used 1681K, capacity 1724K, committed 1792K, reserved 1048576K
GC Heap History (10 events):
Event: 2.002 GC heap before
{Heap before GC invocations=1 (full 0):
 PSYoungGen      total 36352K, used 31232K [0x00000000d7900000, 0x00000000da180000, 0x0000000100000000)
  eden space 31232K, 100% used [0x00000000d7900000,0x00000000d9780000,0x00000000d9780000)
  from space 5120K, 0% used [0x00000000d9c80000,0x00000000d9c80000,0x00000000da180000)
  to   space 5120K, 0% used [0x00000000d9780000,0x00000000d9780000,0x00000000d9c80000)
 ParOldGen       total 83456K, used 0K [0x0000000086a00000, 0x000000008bb80000, 0x00000000d7900000)
  object space 83456K, 0% used [0x0000000086a00000,0x0000000086a00000,0x000000008bb80000)
 Metaspace       used 14783K, capacity 15006K, committed 15360K, reserved 1062912K
  class space    used 1356K, capacity 1432K, committed 1536K, reserved 1048576K
Event: 2.012 GC heap after
Heap after GC invocations=1 (full 0):
 PSYoungGen      total 36352K, used 5104K [0x00000000d7900000, 0x00000000da180000, 0x0000000100000000)
  eden space 31232K, 0% used [0x00000000d7900000,0x00000000d7900000,0x00000000d9780000)
  from space 5120K, 99% used [0x00000000d9780000,0x00000000d9c7c0d0,0x00000000d9c80000)
  to   space 5120K, 0% used [0x00000000d9c80000,0x00000000d9c80000,0x00000000da180000)
 ParOldGen       total 83456K, used 378K [0x0000000086a00000, 0x000000008bb80000, 0x00000000d7900000)
  object space 83456K, 0% used [0x0000000086a00000,0x0000000086a5e9a0,0x000000008bb80000)
 Metaspace       used 14783K, capacity 15006K, committed 15360K, reserved 1062912K
  class space    used 1356K, capacity 1432K, committed 1536K, reserved 1048576K
}
Event: 2.398 GC heap before
{Heap before GC invocations=2 (full 0):
 PSYoungGen      total 36352K, used 36336K [0x00000000d7900000, 0x00000000da180000, 0x0000000100000000)
  eden space 31232K, 100% used [0x00000000d7900000,0x00000000d9780000,0x00000000d9780000)
  from space 5120K, 99% used [0x00000000d9780000,0x00000000d9c7c0d0,0x00000000d9c80000)
  to   space 5120K, 0% used [0x00000000d9c80000,0x00000000d9c80000,0x00000000da180000)
 ParOldGen       total 83456K, used 378K [0x0000000086a00000, 0x000000008bb80000, 0x00000000d7900000)
  object space 83456K, 0% used [0x0000000086a00000,0x0000000086a5e9a0,0x000000008bb80000)
 Metaspace       used 14913K, capacity 15134K, committed 15360K, reserved 1062912K
  class space    used 1368K, capacity 1432K, committed 1536K, reserved 1048576K
Event: 2.407 GC heap after
Heap after GC invocations=2 (full 0):
 PSYoungGen      total 36352K, used 4006K [0x00000000d7900000, 0x00000000dc000000, 0x0000000100000000)
  eden space 31232K, 0% used [0x00000000d7900000,0x00000000d7900000,0x00000000d9780000)
  from space 5120K, 78% used [0x00000000d9c80000,0x00000000da0699c0,0x00000000da180000)
  to   space 5120K, 0% used [0x00000000d9780000,0x00000000d9780000,0x00000000d9c80000)
 ParOldGen       total 83456K, used 378K [0x0000000086a00000, 0x000000008bb80000, 0x00000000d7900000)
  object space 83456K, 0% used [0x0000000086a00000,0x0000000086a5e9a0,0x000000008bb80000)
 Metaspace       used 14913K, capacity 15134K, committed 15360K, reserved 1062912K
  class space    used 1368K, capacity 1432K, committed 1536K, reserved 1048576K
}
Event: 2.773 GC heap before
{Heap before GC invocations=3 (full 0):
 PSYoungGen      total 36352K, used 31960K [0x00000000d7900000, 0x00000000dc000000, 0x0000000100000000)
  eden space 31232K, 89% used [0x00000000d7900000,0x00000000d944c6f0,0x00000000d9780000)
  from space 5120K, 78% used [0x00000000d9c80000,0x00000000da0699c0,0x00000000da180000)
  to   space 5120K, 0% used [0x00000000d9780000,0x00000000d9780000,0x00000000d9c80000)
 ParOldGen       total 83456K, used 378K [0x0000000086a00000, 0x000000008bb80000, 0x00000000d7900000)
  object space 83456K, 0% used [0x0000000086a00000,0x0000000086a5e9a0,0x000000008bb80000)
 Metaspace       used 15951K, capacity 16158K, committed 16512K, reserved 1064960K
  class space    used 1478K, capacity 1560K, committed 1664K, reserved 1048576K
Event: 2.779 GC heap after
Heap after GC invocations=3 (full 0):
 PSYoungGen      total 36352K, used 4678K [0x00000000d7900000, 0x00000000dc000000, 0x0000000100000000)
  eden space 31232K, 0% used [0x00000000d7900000,0x00000000d7900000,0x00000000d9780000)
  from space 5120K, 91% used [0x00000000d9780000,0x00000000d9c11b48,0x00000000d9c80000)
  to   space 5120K, 0% used [0x00000000dbb00000,0x00000000dbb00000,0x00000000dc000000)
 ParOldGen       total 83456K, used 4394K [0x0000000086a00000, 0x000000008bb80000, 0x00000000d7900000)
  object space 83456K, 5% used [0x0000000086a00000,0x0000000086e4a9b8,0x000000008bb80000)
 Metaspace       used 15951K, capacity 16158K, committed 16512K, reserved 1064960K
  class space    used 1478K, capacity 1560K, committed 1664K, reserved 1048576K
}
Event: 4.927 GC heap before
{Heap before GC invocations=4 (full 0):
 PSYoungGen      total 36352K, used 35910K [0x00000000d7900000, 0x00000000dc000000, 0x0000000100000000)
  eden space 31232K, 100% used [0x00000000d7900000,0x00000000d9780000,0x00000000d9780000)
  from space 5120K, 91% used [0x00000000d9780000,0x00000000d9c11b48,0x00000000d9c80000)
  to   space 5120K, 0% used [0x00000000dbb00000,0x00000000dbb00000,0x00000000dc000000)
 ParOldGen       total 83456K, used 4394K [0x0000000086a00000, 0x000000008bb80000, 0x00000000d7900000)
  object space 83456K, 5% used [0x0000000086a00000,0x0000000086e4a9b8,0x000000008bb80000)
 Metaspace       used 18137K, capacity 18382K, committed 18688K, reserved 1067008K
  class space    used 1681K, capacity 1724K, committed 1792K, reserved 1048576K
Event: 4.937 GC heap after
Heap after GC invocations=4 (full 0):
 PSYoungGen      total 67584K, used 5089K [0x00000000d7900000, 0x00000000dc000000, 0x0000000100000000)
  eden space 62464K, 0% used [0x00000000d7900000,0x00000000d7900000,0x00000000db600000)
  from space 5120K, 99% used [0x00000000dbb00000,0x00000000dbff8638,0x00000000dc000000)
  to   space 5120K, 0% used [0x00000000db600000,0x00000000db600000,0x00000000dbb00000)
 ParOldGen       total 83456K, used 12427K [0x0000000086a00000, 0x000000008bb80000, 0x00000000d7900000)
  object space 83456K, 14% used [0x0000000086a00000,0x0000000087622f88,0x000000008bb80000)
 Metaspace       used 18137K, capacity 18382K, committed 18688K, reserved 1067008K
  class space    used 1681K, capacity 1724K, committed 1792K, reserved 1048576K
}
Event: 15.049 GC heap before
{Heap before GC invocations=5 (full 0):
 PSYoungGen      total 67584K, used 67553K [0x00000000d7900000, 0x00000000dc000000, 0x0000000100000000)
  eden space 62464K, 100% used [0x00000000d7900000,0x00000000db600000,0x00000000db600000)
  from space 5120K, 99% used [0x00000000dbb00000,0x00000000dbff8638,0x00000000dc000000)
  to   space 5120K, 0% used [0x00000000db600000,0x00000000db600000,0x00000000dbb00000)
 ParOldGen       total 83456K, used 12427K [0x0000000086a00000, 0x000000008bb80000, 0x00000000d7900000)
  object space 83456K, 14% used [0x0000000086a00000,0x0000000087622f88,0x000000008bb80000)
 Metaspace       used 18459K, capacity 18638K, committed 18944K, reserved 1067008K
  class space    used 1681K, capacity 1724K, committed 1792K, reserved 1048576K
Event: 15.065 GC heap after
Heap after GC invocations=5 (full 0):
 PSYoungGen      total 65536K, used 5093K [0x00000000d7900000, 0x00000000dcb00000, 0x0000000100000000)
  eden space 60416K, 0% used [0x00000000d7900000,0x00000000d7900000,0x00000000db400000)
  from space 5120K, 99% used [0x00000000db600000,0x00000000dbaf9458,0x00000000dbb00000)
  to   space 11776K, 0% used [0x00000000dbf80000,0x00000000dbf80000,0x00000000dcb00000)
 ParOldGen       total 83456K, used 12435K [0x0000000086a00000, 0x000000008bb80000, 0x00000000d7900000)
  object space 83456K, 14% used [0x0000000086a00000,0x0000000087624f88,0x000000008bb80000)
 Metaspace       used 18459K, capacity 18638K, committed 18944K, reserved 1067008K
  class space    used 1681K, capacity 1724K, committed 1792K, reserved 1048576K
}

